<?xml version="1.0" encoding="UTF-8"?>
<!-- Generated by org.testng.reporters.JUnitXMLReporter -->
<testsuite hostname="DESKTOP-ROEA4C4" ignored="0" name="Default test" tests="3" failures="0" timestamp="2020-01-24T14:32:17 IST" time="28.135" errors="0">
  <testcase name="launchGoogle" time="8.04" classname="tests.TestClass"/>
  <testcase name="launchOutLook" time="8.281" classname="tests.TestClass"/>
  <testcase name="launchfaceBook" time="11.764" classname="tests.TestClass"/>
</testsuite> <!-- Default test -->
