<?xml version="1.0" encoding="UTF-8"?>
<!-- Generated by org.testng.reporters.JUnitXMLReporter -->
<testsuite hostname="DESKTOP-ROEA4C4" ignored="0" name="Test" tests="3" failures="0" timestamp="2020-01-24T14:59:28 IST" time="24.965" errors="0">
  <testcase name="launchGoogle" time="7.212" classname="tests.TestClass"/>
  <testcase name="launchOutLook" time="7.718" classname="tests.TestClass"/>
  <testcase name="launchfaceBook" time="9.973" classname="tests.TestClass"/>
</testsuite> <!-- Test -->
